0 info it worked if it ends with ok
1 verbose cli [ 'node', '/usr/local/bin/npm', 'run', 'deploy' ]
2 info using npm@2.5.1
3 info using node@v0.12.0
4 verbose run-script [ 'predeploy', 'deploy', 'postdeploy' ]
5 info predeploy webeye@
6 info deploy webeye@
7 verbose unsafe-perm in lifecycle true
8 info webeye@ Failed to exec deploy script
9 verbose stack Error: webeye@ deploy: `webpack --config conf/webpack-prod.js | node server-prod.js`
9 verbose stack Exit status 1
9 verbose stack     at EventEmitter.<anonymous> (/usr/local/lib/node_modules/npm/lib/utils/lifecycle.js:213:16)
9 verbose stack     at EventEmitter.emit (events.js:110:17)
9 verbose stack     at ChildProcess.<anonymous> (/usr/local/lib/node_modules/npm/lib/utils/spawn.js:14:12)
9 verbose stack     at ChildProcess.emit (events.js:110:17)
9 verbose stack     at maybeClose (child_process.js:1008:16)
9 verbose stack     at Process.ChildProcess._handle.onexit (child_process.js:1080:5)
10 verbose pkgid webeye@
11 verbose cwd /Users/julienvalery/Documents/Dev/Git/webye
12 error Darwin 14.1.0
13 error argv "node" "/usr/local/bin/npm" "run" "deploy"
14 error node v0.12.0
15 error npm  v2.5.1
16 error code ELIFECYCLE
17 error webeye@ deploy: `webpack --config conf/webpack-prod.js | node server-prod.js`
17 error Exit status 1
18 error Failed at the webeye@ deploy script 'webpack --config conf/webpack-prod.js | node server-prod.js'.
18 error This is most likely a problem with the webeye package,
18 error not with npm itself.
18 error Tell the author that this fails on your system:
18 error     webpack --config conf/webpack-prod.js | node server-prod.js
18 error You can get their info via:
18 error     npm owner ls webeye
18 error There is likely additional logging output above.
19 verbose exit [ 1, true ]
